<?xml version="1.0" encoding="UTF-8"?>
<testsuite xmlns:xsi="http://www.w3.org/2001/XMLSchema-instance" xsi:noNamespaceSchemaLocation="https://maven.apache.org/surefire/maven-surefire-plugin/xsd/surefire-test-report-3.0.xsd" version="3.0" name="TestSuite" time="5.367" tests="4" errors="0" skipped="0" failures="0">
  <properties>
[...]
</properties>
  <testcase name="testPostUser" classname="api.test.UserTests2" time="1.901">
    <system-out><![CDATA[HTTP/1.1 500 Internal Server Error
Date: Mon, 02 Oct 2023 18:14:05 GMT
Content-Type: application/json
Content-Length: 110
Connection: keep-alive
Access-Control-Allow-Origin: *
Access-Control-Allow-Methods: GET, POST, DELETE, PUT
Access-Control-Allow-Headers: Content-Type, api_key, Authorization
Access-Control-Expose-Headers: Content-Disposition
Server: Jetty(9.4.9.v20180320)

{
    "code": 500,
    "message": "There was an error processing your request. It has been logged (ID: c45f8b9031aa10da)"
}
]]></system-out>
    <system-err><![CDATA[SLF4J: Failed to load class "org.slf4j.impl.StaticLoggerBinder".
SLF4J: Defaulting to no-operation (NOP) logger implementation
SLF4J: See http://www.slf4j.org/codes.html#StaticLoggerBinder for further details.
]]></system-err>
  </testcase>
  <testcase name="testGetUserByName" classname="api.test.UserTests2" time="0.479">
    <system-out><![CDATA[HTTP/1.1 500 Internal Server Error
Date: Mon, 02 Oct 2023 18:14:05 GMT
Content-Type: application/json
Content-Length: 110
Connection: keep-alive
Access-Control-Allow-Origin: *
Access-Control-Allow-Methods: GET, POST, DELETE, PUT
Access-Control-Allow-Headers: Content-Type, api_key, Authorization
Access-Control-Expose-Headers: Content-Disposition
Server: Jetty(9.4.9.v20180320)

{
    "code": 500,
    "message": "There was an error processing your request. It has been logged (ID: a1fc6ee1fdee73b3)"
}
]]></system-out>
  </testcase>
  <testcase name="testUpdateUser" classname="api.test.UserTests2" time="0.921">
    <system-out><![CDATA[HTTP/1.1 500 Internal Server Error
Date: Mon, 02 Oct 2023 18:14:06 GMT
Content-Type: application/json
Content-Length: 110
Connection: keep-alive
Access-Control-Allow-Origin: *
Access-Control-Allow-Methods: GET, POST, DELETE, PUT
Access-Control-Allow-Headers: Content-Type, api_key, Authorization
Access-Control-Expose-Headers: Content-Disposition
Server: Jetty(9.4.9.v20180320)

{
    "code": 500,
    "message": "There was an error processing your request. It has been logged (ID: ad25022556eb1bd6)"
}
HTTP/1.1 500 Internal Server Error
Date: Mon, 02 Oct 2023 18:14:06 GMT
Content-Type: application/json
Content-Length: 110
Connection: keep-alive
Access-Control-Allow-Origin: *
Access-Control-Allow-Methods: GET, POST, DELETE, PUT
Access-Control-Allow-Headers: Content-Type, api_key, Authorization
Access-Control-Expose-Headers: Content-Disposition
Server: Jetty(9.4.9.v20180320)

{
    "code": 500,
    "message": "There was an error processing your request. It has been logged (ID: ad25022556eb1bd6)"
}
]]></system-out>
  </testcase>
  <testcase name="deleteUserByName" classname="api.test.UserTests2" time="0.464">
    <system-out><![CDATA[HTTP/1.1 500 Internal Server Error
Date: Mon, 02 Oct 2023 18:14:06 GMT
Content-Type: application/json
Content-Length: 110
Connection: keep-alive
Access-Control-Allow-Origin: *
Access-Control-Allow-Methods: GET, POST, DELETE, PUT
Access-Control-Allow-Headers: Content-Type, api_key, Authorization
Access-Control-Expose-Headers: Content-Disposition
Server: Jetty(9.4.9.v20180320)

{
    "code": 500,
    "message": "There was an error processing your request. It has been logged (ID: b96f82cd0d55fda6)"
}
]]></system-out>
  </testcase>
</testsuite>