<?xml version="1.0" encoding="UTF-8"?>
<testng-results ignored="0" total="4" passed="4" failed="0" skipped="0">
  <reporter-output>
  </reporter-output>
  <suite started-at="2023-10-02T11:14:02 PDT" name="All Test Suite" finished-at="2023-10-02T11:14:06 PDT" duration-ms="4553">
    <groups>
    </groups>
    <test started-at="2023-10-02T11:14:02 PDT" name="PetTests" finished-at="2023-10-02T11:14:06 PDT" duration-ms="4553">
      <class name="api.test.UserTests2">
        <test-method is-config="true" signature="setupDate()[pri:0, instance:api.test.UserTests2@3ce1e309]" started-at="2023-10-02T11:14:02 PDT" name="setupDate" finished-at="2023-10-02T11:14:03 PDT" duration-ms="584" status="PASS">
          <reporter-output>
          </reporter-output>
        </test-method> <!-- setupDate -->
        <test-method signature="testPostUser()[pri:1, instance:api.test.UserTests2@3ce1e309]" started-at="2023-10-02T11:14:03 PDT" name="testPostUser" finished-at="2023-10-02T11:14:05 PDT" duration-ms="1894" status="PASS">
          <reporter-output>
          </reporter-output>
        </test-method> <!-- testPostUser -->
        <test-method signature="testGetUserByName()[pri:2, instance:api.test.UserTests2@3ce1e309]" started-at="2023-10-02T11:14:05 PDT" name="testGetUserByName" finished-at="2023-10-02T11:14:05 PDT" duration-ms="479" status="PASS">
          <reporter-output>
          </reporter-output>
        </test-method> <!-- testGetUserByName -->
        <test-method signature="testUpdateUser()[pri:3, instance:api.test.UserTests2@3ce1e309]" started-at="2023-10-02T11:14:05 PDT" name="testUpdateUser" finished-at="2023-10-02T11:14:06 PDT" duration-ms="922" status="PASS">
          <reporter-output>
          </reporter-output>
        </test-method> <!-- testUpdateUser -->
        <test-method signature="deleteUserByName()[pri:4, instance:api.test.UserTests2@3ce1e309]" started-at="2023-10-02T11:14:06 PDT" name="deleteUserByName" finished-at="2023-10-02T11:14:06 PDT" duration-ms="459" status="PASS">
          <reporter-output>
          </reporter-output>
        </test-method> <!-- deleteUserByName -->
      </class> <!-- api.test.UserTests2 -->
    </test> <!-- PetTests -->
  </suite> <!-- All Test Suite -->
</testng-results>
